<?xml version="1.0" encoding="UTF-8"?>
<!-- Generated by org.testng.reporters.JUnitReportReporter -->
<testsuite hostname="DESKTOP-KHK784A" failures="0" tests="4" name="Automationn.E2EProject.ValidateBookingPage" time="11.902" errors="0" timestamp="2022-09-21T17:36:07 IST" skipped="0">
  <testcase classname="Automationn.E2EProject.ValidateBookingPage" name="sitelogin" time="3.730"/>
  <system-out/>
  <testcase classname="Automationn.E2EProject.ValidateBookingPage" name="booking" time="4.510"/>
  <system-out/>
  <testcase classname="Automationn.E2EProject.ValidateBookingPage" name="booking" time="3.071"/>
  <system-out/>
  <testcase classname="Automationn.E2EProject.ValidateBookingPage" name="validate" time="0.591"/>
  <system-out/>
</testsuite> <!-- Automationn.E2EProject.ValidateBookingPage -->
