<?xml version="1.0" encoding="UTF-8"?>
<!-- Generated by org.testng.reporters.JUnitReportReporter -->
<testsuite hostname="DESKTOP-KHK784A" failures="0" tests="4" name="Automationn.E2EProject.ValidateBookingPage" time="8.386" errors="0" timestamp="2022-08-05T17:09:41 IST" skipped="0">
  <testcase classname="Automationn.E2EProject.ValidateBookingPage" name="sitelogin" time="1.677"/>
  <system-out/>
  <testcase classname="Automationn.E2EProject.ValidateBookingPage" name="booking" time="2.760"/>
  <system-out/>
  <testcase classname="Automationn.E2EProject.ValidateBookingPage" name="booking" time="3.281"/>
  <system-out/>
  <testcase classname="Automationn.E2EProject.ValidateBookingPage" name="validate" time="0.668"/>
  <system-out/>
</testsuite> <!-- Automationn.E2EProject.ValidateBookingPage -->
